<?xml version="1.0" encoding="UTF-8"?>
<!-- Generated by org.testng.reporters.JUnitXMLReporter -->
<testsuite ignored="3" hostname="LAPTOP-D2LQBAO6" failures="0" tests="1" name="Default test" time="80.627" errors="0" timestamp="20 Jan 2020 17:32:57 GMT">
  <testcase classname="Test.TestCoursePage" name="A_Tablelinks" time="35.726"/>
  <testcase classname="Test.TestCoursePage" name="PagetitleAndHeader" time="0.0">
    <ignored/>
  </testcase> <!-- PagetitleAndHeader -->
  <testcase classname="Test.TestCoursePage" name="navigateCoursesmenu" time="0.0">
    <ignored/>
  </testcase> <!-- navigateCoursesmenu -->
  <testcase classname="Test.TestCoursePage" name="TableHeaderTitles" time="0.0">
    <ignored/>
  </testcase> <!-- TableHeaderTitles -->
</testsuite> <!-- Default test -->
