<?xml version="1.0" encoding="UTF-8"?>
<!-- Generated by org.testng.reporters.JUnitXMLReporter -->
<testsuite ignored="0" hostname="DESKTOP-21M3CIU" failures="0" tests="4" name="Default test" time="63.058" errors="0" timestamp="20 Jan 2020 03:24:33 GMT">
  <testcase classname="Test.TestStudentsPage" name="A_verifyAddStudents" time="11.217"/>
  <testcase classname="Test.TestStudentsPage" name="B_verifStudentPage" time="3.336"/>
  <testcase classname="Test.TestStudentsPage" name="C_VerifySearchFunctionality" time="11.616"/>
  <testcase classname="Test.TestStudentsPage" name="D_Verify_Edit_Details_DeleteFeature" time="16.016"/>
</testsuite> <!-- Default test -->
