<?xml version="1.0" encoding="UTF-8"?>
<testng-results ignored="0" total="4" passed="4" failed="0" skipped="0">
  <reporter-output>
  </reporter-output>
  <suite started-at="2020-01-21T18:04:32Z" name="Default suite" finished-at="2020-01-21T18:06:27Z" duration-ms="115019">
    <groups>
    </groups>
    <test started-at="2020-01-21T18:04:32Z" name="Default test" finished-at="2020-01-21T18:06:27Z" duration-ms="115019">
      <class name="Test.TestCoursePage">
        <test-method is-config="true" signature="setUp()[pri:0, instance:Test.TestCoursePage@6646153]" started-at="2020-01-21T18:04:32Z" name="setUp" finished-at="2020-01-21T18:05:00Z" duration-ms="27576" status="PASS">
          <reporter-output>
          </reporter-output>
        </test-method> <!-- setUp -->
        <test-method signature="A_Tablelinks()[pri:0, instance:Test.TestCoursePage@6646153]" started-at="2020-01-21T18:05:00Z" name="A_Tablelinks" finished-at="2020-01-21T18:05:33Z" duration-ms="33089" status="PASS">
          <reporter-output>
          </reporter-output>
        </test-method> <!-- A_Tablelinks -->
        <test-method is-config="true" signature="tearDown()[pri:0, instance:Test.TestCoursePage@6646153]" started-at="2020-01-21T18:05:33Z" name="tearDown" finished-at="2020-01-21T18:05:34Z" duration-ms="1031" status="PASS">
          <reporter-output>
          </reporter-output>
        </test-method> <!-- tearDown -->
        <test-method is-config="true" signature="setUp()[pri:0, instance:Test.TestCoursePage@6646153]" started-at="2020-01-21T18:05:34Z" name="setUp" finished-at="2020-01-21T18:05:47Z" duration-ms="13499" status="PASS">
          <reporter-output>
          </reporter-output>
        </test-method> <!-- setUp -->
        <test-method signature="PagetitleAndHeader()[pri:0, instance:Test.TestCoursePage@6646153]" started-at="2020-01-21T18:05:47Z" name="PagetitleAndHeader" finished-at="2020-01-21T18:05:51Z" duration-ms="3352" status="PASS">
          <reporter-output>
          </reporter-output>
        </test-method> <!-- PagetitleAndHeader -->
        <test-method is-config="true" signature="tearDown()[pri:0, instance:Test.TestCoursePage@6646153]" started-at="2020-01-21T18:05:51Z" name="tearDown" finished-at="2020-01-21T18:05:52Z" duration-ms="953" status="PASS">
          <reporter-output>
          </reporter-output>
        </test-method> <!-- tearDown -->
        <test-method is-config="true" signature="setUp()[pri:0, instance:Test.TestCoursePage@6646153]" started-at="2020-01-21T18:05:52Z" name="setUp" finished-at="2020-01-21T18:06:03Z" duration-ms="11886" status="PASS">
          <reporter-output>
          </reporter-output>
        </test-method> <!-- setUp -->
        <test-method signature="TableHeaderTitles()[pri:0, instance:Test.TestCoursePage@6646153]" started-at="2020-01-21T18:06:03Z" name="TableHeaderTitles" finished-at="2020-01-21T18:06:07Z" duration-ms="4043" status="PASS">
          <reporter-output>
          </reporter-output>
        </test-method> <!-- TableHeaderTitles -->
        <test-method is-config="true" signature="tearDown()[pri:0, instance:Test.TestCoursePage@6646153]" started-at="2020-01-21T18:06:07Z" name="tearDown" finished-at="2020-01-21T18:06:08Z" duration-ms="965" status="PASS">
          <reporter-output>
          </reporter-output>
        </test-method> <!-- tearDown -->
        <test-method is-config="true" signature="setUp()[pri:0, instance:Test.TestCoursePage@6646153]" started-at="2020-01-21T18:06:08Z" name="setUp" finished-at="2020-01-21T18:06:22Z" duration-ms="13093" status="PASS">
          <reporter-output>
          </reporter-output>
        </test-method> <!-- setUp -->
        <test-method signature="navigateCoursesmenu()[pri:0, instance:Test.TestCoursePage@6646153]" started-at="2020-01-21T18:06:22Z" name="navigateCoursesmenu" finished-at="2020-01-21T18:06:26Z" duration-ms="4455" status="PASS">
          <reporter-output>
          </reporter-output>
        </test-method> <!-- navigateCoursesmenu -->
        <test-method is-config="true" signature="tearDown()[pri:0, instance:Test.TestCoursePage@6646153]" started-at="2020-01-21T18:06:26Z" name="tearDown" finished-at="2020-01-21T18:06:27Z" duration-ms="954" status="PASS">
          <reporter-output>
          </reporter-output>
        </test-method> <!-- tearDown -->
      </class> <!-- Test.TestCoursePage -->
    </test> <!-- Default test -->
  </suite> <!-- Default suite -->
</testng-results>
