<?xml version="1.0" encoding="UTF-8"?>
<testng-results ignored="3" total="4" passed="1" failed="0" skipped="0">
  <reporter-output>
  </reporter-output>
  <suite started-at="2020-01-20T17:31:36Z" name="Default suite" finished-at="2020-01-20T17:32:57Z" duration-ms="80627">
    <groups>
    </groups>
    <test started-at="2020-01-20T17:31:36Z" name="Default test" finished-at="2020-01-20T17:32:57Z" duration-ms="80627">
      <class name="Test.TestCoursePage">
        <test-method is-config="true" signature="setUp()[pri:0, instance:Test.TestCoursePage@475e586c]" started-at="2020-01-20T17:31:36Z" name="setUp" finished-at="2020-01-20T17:32:20Z" duration-ms="43589" status="PASS">
          <reporter-output>
          </reporter-output>
        </test-method> <!-- setUp -->
        <test-method signature="A_Tablelinks()[pri:0, instance:Test.TestCoursePage@475e586c]" started-at="2020-01-20T17:32:20Z" name="A_Tablelinks" finished-at="2020-01-20T17:32:56Z" duration-ms="35726" status="PASS">
          <reporter-output>
          </reporter-output>
        </test-method> <!-- A_Tablelinks -->
        <test-method is-config="true" signature="tearDown()[pri:0, instance:Test.TestCoursePage@475e586c]" started-at="2020-01-20T17:32:56Z" name="tearDown" finished-at="2020-01-20T17:32:57Z" duration-ms="1187" status="PASS">
          <reporter-output>
          </reporter-output>
        </test-method> <!-- tearDown -->
      </class> <!-- Test.TestCoursePage -->
    </test> <!-- Default test -->
  </suite> <!-- Default suite -->
</testng-results>
